# JRE version: OpenJDK Runtime Environment (17.0.6) (build 17.0.6+0-b2043.56-10027231)
# Java VM: OpenJDK 64-Bit Server VM (17.0.6+0-b2043.56-10027231, mixed mode, tiered, compressed oops, compressed class ptrs, g1 gc, windows-amd64)
GC Precious Log:
 CPUs: 4 total, 4 available
 Memory: 16262M
 Large Page Support: Disabled
 NUMA Support: Disabled
 Compressed Oops: Enabled (32-bit)
 Heap Region Size: 1M
 Heap Min Capacity: 8M
 Heap Initial Capacity: 256M
 Heap Max Capacity: 2G
 Pre-touch: Disabled
 Parallel Workers: 4
 Concurrent Workers: 1
 Concurrent Refinement Workers: 4
 Periodic GC: Disabled
Heap:
 garbage-first heap   total 201728K, used 174558K [0x0000000080000000, 0x0000000100000000)
  region size 1024K, 108 young (110592K), 7 survivors (7168K)
 Metaspace       used 47298K, committed 47744K, reserved 1097728K
  class space    used 6228K, committed 6400K, reserved 1048576K
GC Heap History (20 events):
Event: 26.954 GC heap after
{Heap after GC invocations=38 (full 0):
 garbage-first heap   total 167936K, used 66029K [0x0000000080000000, 0x0000000100000000)
  region size 1024K, 5 young (5120K), 5 survivors (5120K)
 Metaspace       used 47141K, committed 47552K, reserved 1097728K
  class space    used 6201K, committed 6400K, reserved 1048576K
}
Event: 28.019 GC heap before
{Heap before GC invocations=38 (full 0):
 garbage-first heap   total 167936K, used 143853K [0x0000000080000000, 0x0000000100000000)
  region size 1024K, 82 young (83968K), 5 survivors (5120K)
 Metaspace       used 47295K, committed 47744K, reserved 1097728K
  class space    used 6228K, committed 6400K, reserved 1048576K
}
Event: 28.026 GC heap after
{Heap after GC invocations=39 (full 0):
 garbage-first heap   total 167936K, used 64307K [0x0000000080000000, 0x0000000100000000)
  region size 1024K, 3 young (3072K), 3 survivors (3072K)
 Metaspace       used 47295K, committed 47744K, reserved 1097728K
  class space    used 6228K, committed 6400K, reserved 1048576K
}
Event: 28.437 GC heap before
{Heap before GC invocations=39 (full 0):
 garbage-first heap   total 167936K, used 152371K [0x0000000080000000, 0x0000000100000000)
  region size 1024K, 83 young (84992K), 3 survivors (3072K)
 Metaspace       used 47295K, committed 47744K, reserved 1097728K
  class space    used 6228K, committed 6400K, reserved 1048576K
}
Event: 28.440 GC heap after
{Heap after GC invocations=40 (full 0):
 garbage-first heap   total 167936K, used 67720K [0x0000000080000000, 0x0000000100000000)
  region size 1024K, 4 young (4096K), 4 survivors (4096K)
 Metaspace       used 47295K, committed 47744K, reserved 1097728K
  class space    used 6228K, committed 6400K, reserved 1048576K
}
Event: 29.065 GC heap before
{Heap before GC invocations=40 (full 0):
 garbage-first heap   total 167936K, used 145544K [0x0000000080000000, 0x0000000100000000)
  region size 1024K, 80 young (81920K), 4 survivors (4096K)
 Metaspace       used 47295K, committed 47744K, reserved 1097728K
  class space    used 6228K, committed 6400K, reserved 1048576K
}
Event: 29.071 GC heap after
{Heap after GC invocations=41 (full 0):
 garbage-first heap   total 167936K, used 68727K [0x0000000080000000, 0x0000000100000000)
  region size 1024K, 5 young (5120K), 5 survivors (5120K)
 Metaspace       used 47295K, committed 47744K, reserved 1097728K
  class space    used 6228K, committed 6400K, reserved 1048576K
}
Event: 29.439 GC heap before
{Heap before GC invocations=41 (full 0):
 garbage-first heap   total 167936K, used 143479K [0x0000000080000000, 0x0000000100000000)
  region size 1024K, 79 young (80896K), 5 survivors (5120K)
 Metaspace       used 47295K, committed 47744K, reserved 1097728K
  class space    used 6228K, committed 6400K, reserved 1048576K
}
Event: 29.443 GC heap after
{Heap after GC invocations=42 (full 0):
 garbage-first heap   total 167936K, used 68893K [0x0000000080000000, 0x0000000100000000)
  region size 1024K, 5 young (5120K), 5 survivors (5120K)
 Metaspace       used 47295K, committed 47744K, reserved 1097728K
  class space    used 6228K, committed 6400K, reserved 1048576K
}
Event: 29.896 GC heap before
{Heap before GC invocations=42 (full 0):
 garbage-first heap   total 167936K, used 143645K [0x0000000080000000, 0x0000000100000000)
  region size 1024K, 79 young (80896K), 5 survivors (5120K)
 Metaspace       used 47297K, committed 47744K, reserved 1097728K
  class space    used 6228K, committed 6400K, reserved 1048576K
}
Event: 29.902 GC heap after
{Heap after GC invocations=43 (full 0):
 garbage-first heap   total 167936K, used 68223K [0x0000000080000000, 0x0000000100000000)
  region size 1024K, 4 young (4096K), 4 survivors (4096K)
 Metaspace       used 47297K, committed 47744K, reserved 1097728K
  class space    used 6228K, committed 6400K, reserved 1048576K
}
Event: 30.298 GC heap before
{Heap before GC invocations=43 (full 0):
 garbage-first heap   total 167936K, used 146047K [0x0000000080000000, 0x0000000100000000)
  region size 1024K, 80 young (81920K), 4 survivors (4096K)
 Metaspace       used 47297K, committed 47744K, reserved 1097728K
  class space    used 6228K, committed 6400K, reserved 1048576K
}
Event: 30.302 GC heap after
{Heap after GC invocations=44 (full 0):
 garbage-first heap   total 167936K, used 69082K [0x0000000080000000, 0x0000000100000000)
  region size 1024K, 5 young (5120K), 5 survivors (5120K)
 Metaspace       used 47297K, committed 47744K, reserved 1097728K
  class space    used 6228K, committed 6400K, reserved 1048576K
}
Event: 30.742 GC heap before
{Heap before GC invocations=44 (full 0):
 garbage-first heap   total 167936K, used 144858K [0x0000000080000000, 0x0000000100000000)
  region size 1024K, 79 young (80896K), 5 survivors (5120K)
 Metaspace       used 47298K, committed 47744K, reserved 1097728K
  class space    used 6228K, committed 6400K, reserved 1048576K
}
Event: 30.747 GC heap after
{Heap after GC invocations=45 (full 0):
 garbage-first heap   total 167936K, used 69810K [0x0000000080000000, 0x0000000100000000)
  region size 1024K, 6 young (6144K), 6 survivors (6144K)
 Metaspace       used 47298K, committed 47744K, reserved 1097728K
  class space    used 6228K, committed 6400K, reserved 1048576K
}
Event: 31.306 GC heap before
{Heap before GC invocations=45 (full 0):
 garbage-first heap   total 167936K, used 143538K [0x0000000080000000, 0x0000000100000000)
  region size 1024K, 78 young (79872K), 6 survivors (6144K)
 Metaspace       used 47298K, committed 47744K, reserved 1097728K
  class space    used 6228K, committed 6400K, reserved 1048576K
}
Event: 31.313 GC heap after
{Heap after GC invocations=46 (full 0):
 garbage-first heap   total 167936K, used 70627K [0x0000000080000000, 0x0000000100000000)
  region size 1024K, 6 young (6144K), 6 survivors (6144K)
 Metaspace       used 47298K, committed 47744K, reserved 1097728K
  class space    used 6228K, committed 6400K, reserved 1048576K
}
Event: 32.076 GC heap before
{Heap before GC invocations=46 (full 0):
 garbage-first heap   total 167936K, used 143331K [0x0000000080000000, 0x0000000100000000)
  region size 1024K, 77 young (78848K), 6 survivors (6144K)
 Metaspace       used 47298K, committed 47744K, reserved 1097728K
  class space    used 6228K, committed 6400K, reserved 1048576K
}
Event: 32.082 GC heap after
{Heap after GC invocations=47 (full 0):
 garbage-first heap   total 201728K, used 71134K [0x0000000080000000, 0x0000000100000000)
  region size 1024K, 6 young (6144K), 6 survivors (6144K)
 Metaspace       used 47298K, committed 47744K, reserved 1097728K
  class space    used 6228K, committed 6400K, reserved 1048576K
}
Event: 32.764 GC heap before
{Heap before GC invocations=47 (full 0):
 garbage-first heap   total 201728K, used 174558K [0x0000000080000000, 0x0000000100000000)
  region size 1024K, 107 young (109568K), 6 survivors (6144K)
 Metaspace       used 47298K, committed 47744K, reserved 1097728K
  class space    used 6228K, committed 6400K, reserved 1048576K
}

